<?xml version="1.0" encoding="UTF-8"?>
<!-- Generated by org.testng.reporters.JUnitReportReporter -->
<testsuite skipped="0" hostname="DESKTOP-0JTSKSQ" name="AbstractClass.DependOnMethod" tests="3" failures="0" timestamp="18 Sep 2020 09:34:26 GMT" time="35.157" errors="0">
  <testcase name="m2" time="0.027" classname="AbstractClass.DependOnMethod"/>
  <testcase name="m3" time="0.044" classname="AbstractClass.DependOnMethod"/>
  <testcase name="m1" time="35.086" classname="AbstractClass.DependOnMethod"/>
</testsuite> <!-- AbstractClass.DependOnMethod -->
