<?xml version="1.0" encoding="UTF-8"?>
<!-- Generated by org.testng.reporters.JUnitReportReporter -->
<testsuite skipped="0" hostname="DESKTOP-0JTSKSQ" name="TestNG.Cclass" tests="4" failures="0" timestamp="29 Jul 2020 06:32:45 GMT" time="0.044" errors="0">
  <testcase name="m3" time="0.013" classname="TestNG.Cclass"/>
  <testcase name="m5" time="0.003" classname="TestNG.Cclass"/>
  <testcase name="m6" time="0.009" classname="TestNG.Cclass"/>
  <testcase name="m1" time="0.019" classname="TestNG.Cclass"/>
</testsuite> <!-- TestNG.Cclass -->
