<?xml version="1.0" encoding="UTF-8"?>
<!-- Generated by org.testng.reporters.JUnitReportReporter -->
<testsuite skipped="0" hostname="DESKTOP-0JTSKSQ" name="ExcelSheetReading.GetData" tests="1" failures="0" timestamp="23 Sep 2020 06:19:59 GMT" time="0.730" errors="0">
  <testcase name="getaData" time="0.730" classname="ExcelSheetReading.GetData"/>
</testsuite> <!-- ExcelSheetReading.GetData -->
