<?xml version="1.0" encoding="UTF-8"?>
<!-- Generated by org.testng.reporters.JUnitReportReporter -->
<testsuite skipped="0" hostname="DESKTOP-0JTSKSQ" name="AbstractClass.LogConcept" tests="1" failures="0" timestamp="21 Sep 2020 05:10:59 GMT" time="0.116" errors="0">
  <testcase name="m1" time="0.116" classname="AbstractClass.LogConcept"/>
</testsuite> <!-- AbstractClass.LogConcept -->
