<?xml version="1.0" encoding="UTF-8"?>
<!-- Generated by org.testng.reporters.JUnitReportReporter -->
<testsuite skipped="0" hostname="DESKTOP-0JTSKSQ" name="TestNG.TestDemo" tests="2" failures="0" timestamp="29 Jul 2020 06:37:12 GMT" time="0.020" errors="0">
  <testcase name="m1" time="0.015" classname="TestNG.TestDemo"/>
  <testcase name="m2" time="0.005" classname="TestNG.TestDemo"/>
</testsuite> <!-- TestNG.TestDemo -->
