<?xml version="1.0" encoding="UTF-8"?>
<!-- Generated by org.testng.reporters.JUnitReportReporter -->
<testsuite skipped="1" hostname="DESKTOP-0JTSKSQ" name="TestNG.InvocationCount" tests="9" failures="0" timestamp="29 Jul 2020 06:51:27 GMT" time="0.048" errors="0">
  <testcase name="m2" time="0.002" classname="TestNG.InvocationCount"/>
  <testcase name="m2" time="0.003" classname="TestNG.InvocationCount"/>
  <testcase name="m3" time="0.004" classname="TestNG.InvocationCount"/>
  <testcase name="m2" time="0.004" classname="TestNG.InvocationCount"/>
  <testcase name="m5" time="0.004" classname="TestNG.InvocationCount"/>
  <testcase name="m2" time="0.004" classname="TestNG.InvocationCount"/>
  <testcase name="m1" time="0.024" classname="TestNG.InvocationCount"/>
  <testcase name="m6" time="0.003" classname="TestNG.InvocationCount"/>
  <testcase name="m4" classname="TestNG.InvocationCount">
    <skipped/>
  </testcase> <!-- m4 -->
</testsuite> <!-- TestNG.InvocationCount -->
