<?xml version="1.0" encoding="UTF-8"?>
<!-- Generated by org.testng.reporters.JUnitReportReporter -->
<testsuite skipped="0" hostname="DESKTOP-0JTSKSQ" name="AbstractClass.Demo" tests="1" failures="0" timestamp="18 Sep 2020 09:08:35 GMT" time="0.245" errors="0">
  <testcase name="m1" time="0.245" classname="AbstractClass.Demo"/>
</testsuite> <!-- AbstractClass.Demo -->
