<?xml version="1.0" encoding="UTF-8"?>
<!-- Generated by org.testng.reporters.JUnitReportReporter -->
<testsuite skipped="0" hostname="DESKTOP-0JTSKSQ" name="TestNG.Aclass" tests="4" failures="0" timestamp="29 Jul 2020 06:32:45 GMT" time="0.037" errors="0">
  <testcase name="m6" time="0.006" classname="TestNG.Aclass"/>
  <testcase name="m5" time="0.007" classname="TestNG.Aclass"/>
  <testcase name="m1" time="0.019" classname="TestNG.Aclass"/>
  <testcase name="m3" time="0.005" classname="TestNG.Aclass"/>
</testsuite> <!-- TestNG.Aclass -->
