<?xml version="1.0" encoding="UTF-8"?>
<!-- Generated by org.testng.reporters.JUnitReportReporter -->
<testsuite skipped="0" hostname="DESKTOP-0JTSKSQ" name="AbstractClass.Log4jExample" tests="1" failures="0" timestamp="18 Sep 2020 06:50:32 GMT" time="0.046" errors="0">
  <testcase name="m1" time="0.046" classname="AbstractClass.Log4jExample"/>
</testsuite> <!-- AbstractClass.Log4jExample -->
