<?xml version="1.0" encoding="UTF-8"?>
<!-- Generated by org.testng.reporters.JUnitReportReporter -->
<testsuite skipped="0" hostname="DESKTOP-0JTSKSQ" name="AbstractClass.RetreeLogUser" tests="1" failures="0" timestamp="21 Sep 2020 05:21:13 GMT" time="0.103" errors="0">
  <testcase name="m1" time="0.103" classname="AbstractClass.RetreeLogUser"/>
</testsuite> <!-- AbstractClass.RetreeLogUser -->
