<?xml version="1.0" encoding="UTF-8"?>
<!-- Generated by org.testng.reporters.JUnitReportReporter -->
<testsuite skipped="0" hostname="DESKTOP-0JTSKSQ" name="TestNG.ExceptionThrowDemo" tests="2" failures="0" timestamp="29 Jul 2020 06:40:14 GMT" time="0.016" errors="0">
  <testcase name="m1" time="0.014" classname="TestNG.ExceptionThrowDemo"/>
  <testcase name="m2" time="0.002" classname="TestNG.ExceptionThrowDemo"/>
</testsuite> <!-- TestNG.ExceptionThrowDemo -->
