<?xml version="1.0" encoding="UTF-8"?>
<!-- Generated by org.testng.reporters.JUnitReportReporter -->
<testsuite skipped="0" hostname="DESKTOP-0JTSKSQ" name="TestNG.Annotation" tests="1" failures="0" timestamp="27 Jul 2020 12:50:30 GMT" time="0.009" errors="0">
  <testcase name="m7" time="0.009" classname="TestNG.Annotation"/>
</testsuite> <!-- TestNG.Annotation -->
