<?xml version="1.0" encoding="UTF-8"?>
<!-- Generated by org.testng.reporters.JUnitReportReporter -->
<testsuite skipped="0" hostname="DESKTOP-0JTSKSQ" name="TestNG.PriorityAnnotation" tests="5" failures="0" timestamp="03 Aug 2020 06:51:28 GMT" time="0.023" errors="0">
  <testcase name="m1" time="0.016" classname="TestNG.PriorityAnnotation"/>
  <testcase name="m2" time="0.002" classname="TestNG.PriorityAnnotation"/>
  <testcase name="m4" time="0.002" classname="TestNG.PriorityAnnotation"/>
  <testcase name="m3" time="0.001" classname="TestNG.PriorityAnnotation"/>
  <testcase name="m5" time="0.002" classname="TestNG.PriorityAnnotation"/>
</testsuite> <!-- TestNG.PriorityAnnotation -->
